<?xml version="1.0" encoding="UTF-8"?>
<!-- Generated by org.testng.reporters.JUnitReportReporter -->
<testsuite hostname="Vinay" failures="0" tests="6" name="TestNg.OrderOfExecutionMultiple" time="0.022" errors="0" timestamp="2023-03-07T08:41:21 IST" skipped="0">
  <testcase classname="TestNg.OrderOfExecutionMultiple" name="createcontact" time="0.011"/>
  <system-out/>
  <testcase classname="TestNg.OrderOfExecutionMultiple" name="createcontact" time="0.001"/>
  <system-out/>
  <testcase classname="TestNg.OrderOfExecutionMultiple" name="createcontact" time="0.002"/>
  <system-out/>
  <testcase classname="TestNg.OrderOfExecutionMultiple" name="deletecontact" time="0.003"/>
  <system-out/>
  <testcase classname="TestNg.OrderOfExecutionMultiple" name="createcontact" time="0.001"/>
  <system-out/>
  <testcase classname="TestNg.OrderOfExecutionMultiple" name="modifycontact" time="0.004"/>
  <system-out/>
</testsuite> <!-- TestNg.OrderOfExecutionMultiple -->
