<?xml version="1.0" encoding="UTF-8"?>
<!-- Generated by org.testng.reporters.JUnitReportReporter -->
<testsuite hostname="Vinay" failures="0" tests="3" name="TestNg.OrderOfExecutionEnableDisable" time="0.013" errors="0" timestamp="2023-03-07T08:38:02 IST" skipped="1">
  <testcase classname="TestNg.OrderOfExecutionEnableDisable" name="createcontact" time="0.011"/>
  <system-out/>
  <testcase classname="TestNg.OrderOfExecutionEnableDisable" name="deletecontact" time="0.002"/>
  <system-out/>
  <testcase classname="TestNg.OrderOfExecutionEnableDisable" name="modifycontact">
    <skipped/>
  </testcase> <!-- modifycontact -->
  <system-out/>
</testsuite> <!-- TestNg.OrderOfExecutionEnableDisable -->
