<?xml version="1.0" encoding="UTF-8"?>
<!-- Generated by org.testng.reporters.JUnitReportReporter -->
<testsuite hostname="Vinay" failures="0" tests="1" name="TestNg.Test1" time="0.012" errors="0" timestamp="2023-02-24T15:17:56 IST" skipped="0">
  <testcase classname="TestNg.Test1" name="test" time="0.012"/>
  <system-out>
    <![CDATA[1]]>
  </system-out>
</testsuite> <!-- TestNg.Test1 -->
