<?xml version="1.0" encoding="UTF-8"?>
<!-- Generated by org.testng.reporters.JUnitReportReporter -->
<testsuite hostname="Vinay" failures="0" tests="3" name="TestNg.OrderOfExecutionDependant" time="0.015" errors="0" timestamp="2023-03-07T08:39:29 IST" skipped="0">
  <testcase classname="TestNg.OrderOfExecutionDependant" name="createcontact" time="0.011"/>
  <system-out/>
  <testcase classname="TestNg.OrderOfExecutionDependant" name="modifycontact" time="0.003"/>
  <system-out/>
  <testcase classname="TestNg.OrderOfExecutionDependant" name="deletecontact" time="0.001"/>
  <system-out/>
</testsuite> <!-- TestNg.OrderOfExecutionDependant -->
