<?xml version="1.0" encoding="UTF-8"?>
<!-- Generated by org.testng.reporters.JUnitReportReporter -->
<testsuite hostname="Vinay" failures="0" tests="3" name="TestNg.OrderOfExecution" time="0.024" errors="0" timestamp="2023-02-25T14:24:49 IST" skipped="0">
  <testcase classname="TestNg.OrderOfExecution" name="createcontact" time="0.014"/>
  <system-out/>
  <testcase classname="TestNg.OrderOfExecution" name="modifycontact" time="0.008"/>
  <system-out/>
  <testcase classname="TestNg.OrderOfExecution" name="deletecontact" time="0.002"/>
  <system-out/>
</testsuite> <!-- TestNg.OrderOfExecution -->
